LAPPNT  VERSION  4.3  23/09/01
COPYRIGHT AUSTRALIAN NATIONAL UNIVERSITY

SURFACE FILE NAME:
-----------------
/home/climateweb/climate/future/allNA/CESM1BGC_rcp85_y2060/ANUCoeffs/m2060.sur

SURFACE TITLE = Tmin
SURFACE UNITS = deg

NUMBER OF SURFACES  =   12
ORDER OF DERIVATIVE =    2
NUMBER OF KNOTS     = 4955

NUMBER OF SPLINE INDEPENDENT VARIABLES =   3
NUMBER OF INDEPENDENT COVARIATES       =   0

VAR   LOWER LIMIT   UPPER LIMIT  TRANSF     UNITS   MARGINS
  1  -177.000      -52.0000           0     deg     0.000       0.000    
  2   13.0000       83.0000           0     deg     0.000       0.000    
  3  -200.000       6000.00           1     m       0.000       0.000    
   TRANSFORMATION CONSTANT  =   1000.00    

SURFACE NUMBERS (0 T0 12):
0

TYPE OF SURFACE CALCULATION (0-1):
  0 - SUMMARY STATISTICS ONLY
  1 - ALL SURFACE VALUES
    1

ERROR COVARIANCE FILE (BLANK IF NO ERRORS REQUIRED):
---------------------------------------------------


INPUT INDEPENDENT VARIABLE FILE NAME:
------------------------------------
uploadedData.txt

NUMBER OF CHARACTERS IN SITE LABEL (0 TO 20):
   20

DATA FORMAT (LABEL, 3 INDEP VARS, BLANK FOR FREE FORMAT):


OUTPUT POINT FILE NAME:
----------------------
CESM1BGC_rcp85_y2060_m.txt

INCLUDE INDEPENDENT VARIABLE VALUES (0-NO, 1-YES):
    1

OUTPUT POINT FORMAT (ALPHA,  15 REALS, BLANK FOR FREE FORMAT):
(a20,1x,2f10.4,f7.0,12f7.1)

NUMBER OF POINTS READ                  =       1
NUMBER OF POINTS WITHIN SURFACE LIMITS =       1

LAPPNT SUMMARY STATISTICS
-------------------------
OUTPUT POINTS FOR SURFACE   1
MINIMUM VALUE   =    5.77      MAXIMUM VALUE =    5.77    
NUMBER OF PNTS  =       1      AVERAGE VALUE =    5.77    

OUTPUT POINTS FOR SURFACE   2
MINIMUM VALUE   =    5.81      MAXIMUM VALUE =    5.81    
NUMBER OF PNTS  =       1      AVERAGE VALUE =    5.81    

OUTPUT POINTS FOR SURFACE   3
MINIMUM VALUE   =    4.57      MAXIMUM VALUE =    4.57    
NUMBER OF PNTS  =       1      AVERAGE VALUE =    4.57    

OUTPUT POINTS FOR SURFACE   4
MINIMUM VALUE   =    5.86      MAXIMUM VALUE =    5.86    
NUMBER OF PNTS  =       1      AVERAGE VALUE =    5.86    

OUTPUT POINTS FOR SURFACE   5
MINIMUM VALUE   =    8.71      MAXIMUM VALUE =    8.71    
NUMBER OF PNTS  =       1      AVERAGE VALUE =    8.71    

OUTPUT POINTS FOR SURFACE   6
MINIMUM VALUE   =    12.3      MAXIMUM VALUE =    12.3    
NUMBER OF PNTS  =       1      AVERAGE VALUE =    12.3    

OUTPUT POINTS FOR SURFACE   7
MINIMUM VALUE   =    14.7      MAXIMUM VALUE =    14.7    
NUMBER OF PNTS  =       1      AVERAGE VALUE =    14.7    

OUTPUT POINTS FOR SURFACE   8
MINIMUM VALUE   =    15.8      MAXIMUM VALUE =    15.8    
NUMBER OF PNTS  =       1      AVERAGE VALUE =    15.8    

OUTPUT POINTS FOR SURFACE   9
MINIMUM VALUE   =    11.8      MAXIMUM VALUE =    11.8    
NUMBER OF PNTS  =       1      AVERAGE VALUE =    11.8    

OUTPUT POINTS FOR SURFACE  10
MINIMUM VALUE   =    8.53      MAXIMUM VALUE =    8.53    
NUMBER OF PNTS  =       1      AVERAGE VALUE =    8.53    

OUTPUT POINTS FOR SURFACE  11
MINIMUM VALUE   =    6.02      MAXIMUM VALUE =    6.02    
NUMBER OF PNTS  =       1      AVERAGE VALUE =    6.02    

OUTPUT POINTS FOR SURFACE  12
MINIMUM VALUE   =    5.12      MAXIMUM VALUE =    5.12    
NUMBER OF PNTS  =       1      AVERAGE VALUE =    5.12    

PROGRAM LAPPNT  VERSION  4.3  DATE 28/06/2023  TIME 20.15.10
