LAPPNT  VERSION  4.3  23/09/01
COPYRIGHT AUSTRALIAN NATIONAL UNIVERSITY

SURFACE FILE NAME:
-----------------
/home/climateweb/climate/future/allNA/CNRMCM5_rcp45_y2060/ANUCoeffs/p2060.sur

SURFACE TITLE = prcp
SURFACE UNITS = deg

NUMBER OF SURFACES  =   12
ORDER OF DERIVATIVE =    2
NUMBER OF KNOTS     = 6653

DEPENDENT VARIABLE TRANSFORMATION   =   2

NUMBER OF SPLINE INDEPENDENT VARIABLES =   3
NUMBER OF INDEPENDENT COVARIATES       =   0

VAR   LOWER LIMIT   UPPER LIMIT  TRANSF     UNITS   MARGINS
  1  -177.000      -52.0000           0     deg     0.000       0.000    
  2   13.0000       83.0000           0     deg     0.000       0.000    
  3  -200.000       6000.00           1     m       0.000       0.000    
   TRANSFORMATION CONSTANT  =   1000.00    

SURFACE NUMBERS (0 T0 12):
0

TRANSFORM SURFACE VALUES (0-NO, 1-YES):
    1

TYPE OF SURFACE CALCULATION (0-1):
  0 - SUMMARY STATISTICS ONLY
  1 - ALL SURFACE VALUES
    1

ERROR COVARIANCE FILE (BLANK IF NO ERRORS REQUIRED):
---------------------------------------------------


INPUT INDEPENDENT VARIABLE FILE NAME:
------------------------------------
uploadedData.txt

NUMBER OF CHARACTERS IN SITE LABEL (0 TO 20):
   20

DATA FORMAT (LABEL, 3 INDEP VARS, BLANK FOR FREE FORMAT):


OUTPUT POINT FILE NAME:
----------------------
CNRMCM5_rcp45_y2060_p.txt

INCLUDE INDEPENDENT VARIABLE VALUES (0-NO, 1-YES):
    1

OUTPUT POINT FORMAT (ALPHA,  15 REALS, BLANK FOR FREE FORMAT):
(a20,1x,2f10.4,f7.0,12f6.0)

NUMBER OF POINTS READ                  =       1
NUMBER OF POINTS WITHIN SURFACE LIMITS =       1

LAPPNT SUMMARY STATISTICS
-------------------------
OUTPUT POINTS FOR SURFACE   1
MINIMUM VALUE   =    177.      MAXIMUM VALUE =    177.    
NUMBER OF PNTS  =       1      AVERAGE VALUE =    177.    

OUTPUT POINTS FOR SURFACE   2
MINIMUM VALUE   =    155.      MAXIMUM VALUE =    155.    
NUMBER OF PNTS  =       1      AVERAGE VALUE =    155.    

OUTPUT POINTS FOR SURFACE   3
MINIMUM VALUE   =    127.      MAXIMUM VALUE =    127.    
NUMBER OF PNTS  =       1      AVERAGE VALUE =    127.    

OUTPUT POINTS FOR SURFACE   4
MINIMUM VALUE   =    118.      MAXIMUM VALUE =    118.    
NUMBER OF PNTS  =       1      AVERAGE VALUE =    118.    

OUTPUT POINTS FOR SURFACE   5
MINIMUM VALUE   =    77.8      MAXIMUM VALUE =    77.8    
NUMBER OF PNTS  =       1      AVERAGE VALUE =    77.8    

OUTPUT POINTS FOR SURFACE   6
MINIMUM VALUE   =    56.4      MAXIMUM VALUE =    56.4    
NUMBER OF PNTS  =       1      AVERAGE VALUE =    56.4    

OUTPUT POINTS FOR SURFACE   7
MINIMUM VALUE   =    31.2      MAXIMUM VALUE =    31.2    
NUMBER OF PNTS  =       1      AVERAGE VALUE =    31.2    

OUTPUT POINTS FOR SURFACE   8
MINIMUM VALUE   =    40.2      MAXIMUM VALUE =    40.2    
NUMBER OF PNTS  =       1      AVERAGE VALUE =    40.2    

OUTPUT POINTS FOR SURFACE   9
MINIMUM VALUE   =    77.2      MAXIMUM VALUE =    77.2    
NUMBER OF PNTS  =       1      AVERAGE VALUE =    77.2    

OUTPUT POINTS FOR SURFACE  10
MINIMUM VALUE   =    170.      MAXIMUM VALUE =    170.    
NUMBER OF PNTS  =       1      AVERAGE VALUE =    170.    

OUTPUT POINTS FOR SURFACE  11
MINIMUM VALUE   =    197.      MAXIMUM VALUE =    197.    
NUMBER OF PNTS  =       1      AVERAGE VALUE =    197.    

OUTPUT POINTS FOR SURFACE  12
MINIMUM VALUE   =    245.      MAXIMUM VALUE =    245.    
NUMBER OF PNTS  =       1      AVERAGE VALUE =    245.    

PROGRAM LAPPNT  VERSION  4.3  DATE 28/06/2023  TIME 20.15.11
