LAPPNT  VERSION  4.3  23/09/01
COPYRIGHT AUSTRALIAN NATIONAL UNIVERSITY

SURFACE FILE NAME:
-----------------
/home/climateweb/climate/future/allNA/GFDLCM3_rcp60_y2060/ANUCoeffs/p2060.sur

SURFACE TITLE = prcp
SURFACE UNITS = deg

NUMBER OF SURFACES  =   12
ORDER OF DERIVATIVE =    2
NUMBER OF KNOTS     = 6653

DEPENDENT VARIABLE TRANSFORMATION   =   2

NUMBER OF SPLINE INDEPENDENT VARIABLES =   3
NUMBER OF INDEPENDENT COVARIATES       =   0

VAR   LOWER LIMIT   UPPER LIMIT  TRANSF     UNITS   MARGINS
  1  -177.000      -52.0000           0     deg     0.000       0.000    
  2   13.0000       83.0000           0     deg     0.000       0.000    
  3  -200.000       6000.00           1     m       0.000       0.000    
   TRANSFORMATION CONSTANT  =   1000.00    

SURFACE NUMBERS (0 T0 12):
0

TRANSFORM SURFACE VALUES (0-NO, 1-YES):
    1

TYPE OF SURFACE CALCULATION (0-1):
  0 - SUMMARY STATISTICS ONLY
  1 - ALL SURFACE VALUES
    1

ERROR COVARIANCE FILE (BLANK IF NO ERRORS REQUIRED):
---------------------------------------------------


INPUT INDEPENDENT VARIABLE FILE NAME:
------------------------------------
uploadedData.txt

NUMBER OF CHARACTERS IN SITE LABEL (0 TO 20):
   20

DATA FORMAT (LABEL, 3 INDEP VARS, BLANK FOR FREE FORMAT):


OUTPUT POINT FILE NAME:
----------------------
GFDLCM3_rcp60_y2060_p.txt

INCLUDE INDEPENDENT VARIABLE VALUES (0-NO, 1-YES):
    1

OUTPUT POINT FORMAT (ALPHA,  15 REALS, BLANK FOR FREE FORMAT):
(a20,1x,2f10.4,f7.0,12f6.0)

NUMBER OF POINTS READ                  =       1
NUMBER OF POINTS WITHIN SURFACE LIMITS =       1

LAPPNT SUMMARY STATISTICS
-------------------------
OUTPUT POINTS FOR SURFACE   1
MINIMUM VALUE   =    257.      MAXIMUM VALUE =    257.    
NUMBER OF PNTS  =       1      AVERAGE VALUE =    257.    

OUTPUT POINTS FOR SURFACE   2
MINIMUM VALUE   =    163.      MAXIMUM VALUE =    163.    
NUMBER OF PNTS  =       1      AVERAGE VALUE =    163.    

OUTPUT POINTS FOR SURFACE   3
MINIMUM VALUE   =    195.      MAXIMUM VALUE =    195.    
NUMBER OF PNTS  =       1      AVERAGE VALUE =    195.    

OUTPUT POINTS FOR SURFACE   4
MINIMUM VALUE   =    114.      MAXIMUM VALUE =    114.    
NUMBER OF PNTS  =       1      AVERAGE VALUE =    114.    

OUTPUT POINTS FOR SURFACE   5
MINIMUM VALUE   =    103.      MAXIMUM VALUE =    103.    
NUMBER OF PNTS  =       1      AVERAGE VALUE =    103.    

OUTPUT POINTS FOR SURFACE   6
MINIMUM VALUE   =    80.2      MAXIMUM VALUE =    80.2    
NUMBER OF PNTS  =       1      AVERAGE VALUE =    80.2    

OUTPUT POINTS FOR SURFACE   7
MINIMUM VALUE   =    29.5      MAXIMUM VALUE =    29.5    
NUMBER OF PNTS  =       1      AVERAGE VALUE =    29.5    

OUTPUT POINTS FOR SURFACE   8
MINIMUM VALUE   =    25.2      MAXIMUM VALUE =    25.2    
NUMBER OF PNTS  =       1      AVERAGE VALUE =    25.2    

OUTPUT POINTS FOR SURFACE   9
MINIMUM VALUE   =    133.      MAXIMUM VALUE =    133.    
NUMBER OF PNTS  =       1      AVERAGE VALUE =    133.    

OUTPUT POINTS FOR SURFACE  10
MINIMUM VALUE   =    109.      MAXIMUM VALUE =    109.    
NUMBER OF PNTS  =       1      AVERAGE VALUE =    109.    

OUTPUT POINTS FOR SURFACE  11
MINIMUM VALUE   =    221.      MAXIMUM VALUE =    221.    
NUMBER OF PNTS  =       1      AVERAGE VALUE =    221.    

OUTPUT POINTS FOR SURFACE  12
MINIMUM VALUE   =    200.      MAXIMUM VALUE =    200.    
NUMBER OF PNTS  =       1      AVERAGE VALUE =    200.    

PROGRAM LAPPNT  VERSION  4.3  DATE 28/06/2023  TIME 20.15.07
